---------------------------------------------------------------
[ 2018-01-22T15:37:54+08:00 ] 103.95.95.35 GET /weixin/public/index.php/admin/index/index.html
[ info ] m.linzk.cn/weixin/public/index.php/admin/index/index.html [运行时间：0.032705s][吞吐率：30.58req/s] [内存消耗：1,822.98kb] [文件加载：53]
[ info ] [ LANG ] /www/m/weixin/thinkphp/lang/zh-cn.php
[ info ] [ ROUTE ] array (
  'type' => 'module',
  'module' => 
  array (
    0 => 'admin',
    1 => 'index',
    2 => 'index',
  ),
)
[ info ] [ HEADER ] array (
  'cookie' => 'thinkphp_show_page_trace=0|0; thinkphp_show_page_trace=0|0; thinkphp_show_page_trace=0|0; PHPSESSID=02465ef10d649abf91cc3e170e6fb617',
  'accept-language' => 'zh-CN,zh;q=0.9',
  'accept-encoding' => 'gzip, deflate',
  'accept' => 'text/html,application/xhtml+xml,application/xml;q=0.9,image/webp,image/apng,*/*;q=0.8',
  'upgrade-insecure-requests' => '1',
  'user-agent' => 'Mozilla/5.0 (Windows NT 6.1; Win64; x64) AppleWebKit/537.36 (KHTML, like Gecko) Chrome/63.0.3239.108 Safari/537.36',
  'cache-control' => 'max-age=0',
  'connection' => 'keep-alive',
  'host' => 'm.linzk.cn',
  'content-type' => '',
  'content-length' => '',
)
[ info ] [ PARAM ] array (
)
[ info ] [ SESSION ] INIT array (
  'id' => '',
  'var_session_id' => '',
  'prefix' => 'think',
  'type' => '',
  'auto_start' => true,
)
[ info ] [ RUN ] app\admin\controller\Index->index[ /www/m/weixin/application/admin/controller/Index.php ]
[ info ] [ VIEW ] /www/m/weixin/public/../application/admin/view/index/index.html [ array (
  0 => 'adminname',
) ]
[ info ] [ LOG ] INIT File
---------------------------------------------------------------
[ 2018-01-22T15:37:54+08:00 ] 103.95.95.35 GET /weixin/public/index.php/admin/index/index_v1.html
[ info ] m.linzk.cn/weixin/public/index.php/admin/index/index_v1.html [运行时间：0.017860s][吞吐率：55.99req/s] [内存消耗：1,729.17kb] [文件加载：52]
[ info ] [ LANG ] /www/m/weixin/thinkphp/lang/zh-cn.php
[ info ] [ ROUTE ] array (
  'type' => 'module',
  'module' => 
  array (
    0 => 'admin',
    1 => 'index',
    2 => 'index_v1',
  ),
)
[ info ] [ HEADER ] array (
  'cookie' => 'thinkphp_show_page_trace=0|0; thinkphp_show_page_trace=0|0; thinkphp_show_page_trace=0|0; PHPSESSID=02465ef10d649abf91cc3e170e6fb617',
  'accept-language' => 'zh-CN,zh;q=0.9',
  'accept-encoding' => 'gzip, deflate',
  'referer' => 'http://m.linzk.cn/weixin/public/index.php/admin/index/index.html',
  'accept' => 'text/html,application/xhtml+xml,application/xml;q=0.9,image/webp,image/apng,*/*;q=0.8',
  'user-agent' => 'Mozilla/5.0 (Windows NT 6.1; Win64; x64) AppleWebKit/537.36 (KHTML, like Gecko) Chrome/63.0.3239.108 Safari/537.36',
  'upgrade-insecure-requests' => '1',
  'connection' => 'keep-alive',
  'host' => 'm.linzk.cn',
  'content-type' => '',
  'content-length' => '',
)
[ info ] [ PARAM ] array (
)
[ info ] [ SESSION ] INIT array (
  'id' => '',
  'var_session_id' => '',
  'prefix' => 'think',
  'type' => '',
  'auto_start' => true,
)
[ info ] [ RUN ] app\admin\controller\Index->index_v1[ /www/m/weixin/application/admin/controller/Index.php ]
[ info ] [ VIEW ] /www/m/weixin/public/../application/admin/view/index/index_v1.html [ array (
) ]
[ info ] [ LOG ] INIT File
---------------------------------------------------------------
[ 2018-01-22T15:37:55+08:00 ] 103.95.95.35 GET /weixin/public/index.php/admin/index/user.html
[ info ] m.linzk.cn/weixin/public/index.php/admin/index/user.html [运行时间：0.020555s][吞吐率：48.65req/s] [内存消耗：2,302.16kb] [文件加载：57]
[ info ] [ LANG ] /www/m/weixin/thinkphp/lang/zh-cn.php
[ info ] [ ROUTE ] array (
  'type' => 'module',
  'module' => 
  array (
    0 => 'admin',
    1 => 'index',
    2 => 'user',
  ),
)
[ info ] [ HEADER ] array (
  'cookie' => 'thinkphp_show_page_trace=0|0; thinkphp_show_page_trace=0|0; thinkphp_show_page_trace=0|0; PHPSESSID=02465ef10d649abf91cc3e170e6fb617',
  'accept-language' => 'zh-CN,zh;q=0.9',
  'accept-encoding' => 'gzip, deflate',
  'referer' => 'http://m.linzk.cn/weixin/public/index.php/admin/index/index.html',
  'accept' => 'text/html,application/xhtml+xml,application/xml;q=0.9,image/webp,image/apng,*/*;q=0.8',
  'user-agent' => 'Mozilla/5.0 (Windows NT 6.1; Win64; x64) AppleWebKit/537.36 (KHTML, like Gecko) Chrome/63.0.3239.108 Safari/537.36',
  'upgrade-insecure-requests' => '1',
  'connection' => 'keep-alive',
  'host' => 'm.linzk.cn',
  'content-type' => '',
  'content-length' => '',
)
[ info ] [ PARAM ] array (
)
[ info ] [ SESSION ] INIT array (
  'id' => '',
  'var_session_id' => '',
  'prefix' => 'think',
  'type' => '',
  'auto_start' => true,
)
[ info ] [ RUN ] app\admin\controller\Index->user[ /www/m/weixin/application/admin/controller/Index.php ]
[ info ] [ DB ] INIT mysql
[ info ] [ LOG ] INIT File
[ error ] [2002]SQLSTATE[HY000] [2002] Invalid argument[/www/m/weixin/thinkphp/library/think/db/Connection.php:293]
---------------------------------------------------------------
[ 2018-01-22T15:38:24+08:00 ] 103.95.95.35 GET /weixin/public/index.php/admin/index/index.html
[ info ] m.linzk.cn/weixin/public/index.php/admin/index/index.html [运行时间：0.014988s][吞吐率：66.72req/s] [内存消耗：1,660.94kb] [文件加载：51]
[ info ] [ LANG ] /www/m/weixin/thinkphp/lang/zh-cn.php
[ info ] [ ROUTE ] array (
  'type' => 'module',
  'module' => 
  array (
    0 => 'admin',
    1 => 'index',
    2 => 'index',
  ),
)
[ info ] [ HEADER ] array (
  'cookie' => 'thinkphp_show_page_trace=0|0; thinkphp_show_page_trace=0|0; thinkphp_show_page_trace=0|0; PHPSESSID=02465ef10d649abf91cc3e170e6fb617',
  'accept-language' => 'zh-CN,zh;q=0.9',
  'accept-encoding' => 'gzip, deflate',
  'accept' => 'text/html,application/xhtml+xml,application/xml;q=0.9,image/webp,image/apng,*/*;q=0.8',
  'upgrade-insecure-requests' => '1',
  'user-agent' => 'Mozilla/5.0 (Windows NT 6.1; Win64; x64) AppleWebKit/537.36 (KHTML, like Gecko) Chrome/63.0.3239.108 Safari/537.36',
  'cache-control' => 'max-age=0',
  'connection' => 'keep-alive',
  'host' => 'm.linzk.cn',
  'content-type' => '',
  'content-length' => '',
)
[ info ] [ PARAM ] array (
)
[ info ] [ SESSION ] INIT array (
  'id' => '',
  'var_session_id' => '',
  'prefix' => 'think',
  'type' => '',
  'auto_start' => true,
)
[ info ] [ RUN ] app\admin\controller\Index->index[ /www/m/weixin/application/admin/controller/Index.php ]
[ info ] [ VIEW ] /www/m/weixin/public/../application/admin/view/index/index.html [ array (
  0 => 'adminname',
) ]
[ info ] [ LOG ] INIT File
---------------------------------------------------------------
[ 2018-01-22T15:38:24+08:00 ] 103.95.95.35 GET /weixin/public/index.php/admin/index/index_v1.html
[ info ] m.linzk.cn/weixin/public/index.php/admin/index/index_v1.html [运行时间：0.014075s][吞吐率：71.05req/s] [内存消耗：1,593.63kb] [文件加载：50]
[ info ] [ LANG ] /www/m/weixin/thinkphp/lang/zh-cn.php
[ info ] [ ROUTE ] array (
  'type' => 'module',
  'module' => 
  array (
    0 => 'admin',
    1 => 'index',
    2 => 'index_v1',
  ),
)
[ info ] [ HEADER ] array (
  'cookie' => 'thinkphp_show_page_trace=0|0; thinkphp_show_page_trace=0|0; thinkphp_show_page_trace=0|0; PHPSESSID=02465ef10d649abf91cc3e170e6fb617',
  'accept-language' => 'zh-CN,zh;q=0.9',
  'accept-encoding' => 'gzip, deflate',
  'referer' => 'http://m.linzk.cn/weixin/public/index.php/admin/index/index.html',
  'accept' => 'text/html,application/xhtml+xml,application/xml;q=0.9,image/webp,image/apng,*/*;q=0.8',
  'user-agent' => 'Mozilla/5.0 (Windows NT 6.1; Win64; x64) AppleWebKit/537.36 (KHTML, like Gecko) Chrome/63.0.3239.108 Safari/537.36',
  'upgrade-insecure-requests' => '1',
  'connection' => 'keep-alive',
  'host' => 'm.linzk.cn',
  'content-type' => '',
  'content-length' => '',
)
[ info ] [ PARAM ] array (
)
[ info ] [ SESSION ] INIT array (
  'id' => '',
  'var_session_id' => '',
  'prefix' => 'think',
  'type' => '',
  'auto_start' => true,
)
[ info ] [ RUN ] app\admin\controller\Index->index_v1[ /www/m/weixin/application/admin/controller/Index.php ]
[ info ] [ VIEW ] /www/m/weixin/public/../application/admin/view/index/index_v1.html [ array (
) ]
[ info ] [ LOG ] INIT File
---------------------------------------------------------------
[ 2018-01-22T15:38:24+08:00 ] 103.95.95.35 GET /weixin/public/index.php/admin/index/index.html
[ info ] m.linzk.cn/weixin/public/index.php/admin/index/index.html [运行时间：0.014513s][吞吐率：68.90req/s] [内存消耗：1,660.94kb] [文件加载：51]
[ info ] [ LANG ] /www/m/weixin/thinkphp/lang/zh-cn.php
[ info ] [ ROUTE ] array (
  'type' => 'module',
  'module' => 
  array (
    0 => 'admin',
    1 => 'index',
    2 => 'index',
  ),
)
[ info ] [ HEADER ] array (
  'cookie' => 'thinkphp_show_page_trace=0|0; thinkphp_show_page_trace=0|0; thinkphp_show_page_trace=0|0; PHPSESSID=02465ef10d649abf91cc3e170e6fb617',
  'accept-language' => 'zh-CN,zh;q=0.9',
  'accept-encoding' => 'gzip, deflate',
  'accept' => 'text/html,application/xhtml+xml,application/xml;q=0.9,image/webp,image/apng,*/*;q=0.8',
  'upgrade-insecure-requests' => '1',
  'user-agent' => 'Mozilla/5.0 (Windows NT 6.1; Win64; x64) AppleWebKit/537.36 (KHTML, like Gecko) Chrome/63.0.3239.108 Safari/537.36',
  'cache-control' => 'max-age=0',
  'connection' => 'keep-alive',
  'host' => 'm.linzk.cn',
  'content-type' => '',
  'content-length' => '',
)
[ info ] [ PARAM ] array (
)
[ info ] [ SESSION ] INIT array (
  'id' => '',
  'var_session_id' => '',
  'prefix' => 'think',
  'type' => '',
  'auto_start' => true,
)
[ info ] [ RUN ] app\admin\controller\Index->index[ /www/m/weixin/application/admin/controller/Index.php ]
[ info ] [ VIEW ] /www/m/weixin/public/../application/admin/view/index/index.html [ array (
  0 => 'adminname',
) ]
[ info ] [ LOG ] INIT File
---------------------------------------------------------------
[ 2018-01-22T15:38:25+08:00 ] 103.95.95.35 GET /weixin/public/index.php/admin/index/index_v1.html
[ info ] m.linzk.cn/weixin/public/index.php/admin/index/index_v1.html [运行时间：0.014307s][吞吐率：69.90req/s] [内存消耗：1,593.63kb] [文件加载：50]
[ info ] [ LANG ] /www/m/weixin/thinkphp/lang/zh-cn.php
[ info ] [ ROUTE ] array (
  'type' => 'module',
  'module' => 
  array (
    0 => 'admin',
    1 => 'index',
    2 => 'index_v1',
  ),
)
[ info ] [ HEADER ] array (
  'cookie' => 'thinkphp_show_page_trace=0|0; thinkphp_show_page_trace=0|0; thinkphp_show_page_trace=0|0; PHPSESSID=02465ef10d649abf91cc3e170e6fb617',
  'accept-language' => 'zh-CN,zh;q=0.9',
  'accept-encoding' => 'gzip, deflate',
  'referer' => 'http://m.linzk.cn/weixin/public/index.php/admin/index/index.html',
  'accept' => 'text/html,application/xhtml+xml,application/xml;q=0.9,image/webp,image/apng,*/*;q=0.8',
  'user-agent' => 'Mozilla/5.0 (Windows NT 6.1; Win64; x64) AppleWebKit/537.36 (KHTML, like Gecko) Chrome/63.0.3239.108 Safari/537.36',
  'upgrade-insecure-requests' => '1',
  'connection' => 'keep-alive',
  'host' => 'm.linzk.cn',
  'content-type' => '',
  'content-length' => '',
)
[ info ] [ PARAM ] array (
)
[ info ] [ SESSION ] INIT array (
  'id' => '',
  'var_session_id' => '',
  'prefix' => 'think',
  'type' => '',
  'auto_start' => true,
)
[ info ] [ RUN ] app\admin\controller\Index->index_v1[ /www/m/weixin/application/admin/controller/Index.php ]
[ info ] [ VIEW ] /www/m/weixin/public/../application/admin/view/index/index_v1.html [ array (
) ]
[ info ] [ LOG ] INIT File
